72.7
27.3
41.7
33.3
36.4
36.4
50.0
30.0
40.0
40.0
36.4
27.3
45.5
45.5
45.5
36.4
70.0
40.0
54.5
27.3
63.6
36.4
50.0
40.0
54.5
36.4
45.5
27.3
70.0
50.0
40.0
30.0
45.5
45.5
50.0
30.0
50.0
40.0
45.5
45.5
50.0
40.0
40.0
30.0
45.5
36.4
50.0
40.0
54.5
36.4
60.0
30.0
60.0
50.0
63.6
36.4
45.5
27.3
54.5
54.5
54.5
36.4
54.5
36.4
54.5
36.4
70.0
40.0
63.6
36.4
54.5
36.4
70.0
50.0
45.5
27.3
30.0
30.0
50.0
50.0
54.5
36.4
45.5
27.3
50.0
50.0
45.5
27.3
45.5
36.4
50.0
40.0
70.0
30.0
45.5
45.5
54.5
27.3
63.6
36.4
36.4
36.4
50.0
40.0
30.8
23.1
63.6
36.4
45.5
36.4
45.5
36.4
45.5
36.4
72.7
45.5
63.6
45.5
38.5
30.8
36.4
27.3
41.7
33.3
38.5
30.8
45.5
36.4
54.5
45.5
45.5
27.3
63.6
36.4
45.5
45.5
30.8
23.1
33.3
25.0
50.0
33.3
63.6
45.5
63.6
45.5
72.7
45.5
63.6
36.4
63.6
27.3
70.0
40.0
50.0
33.3
53.8
30.8
54.5
45.5
54.5
45.5
50.0
25.0
63.6
45.5
54.5
36.4
63.6
45.5
41.7
33.3
9.1
63.6
45.5
50.0
41.7
63.6
36.4
38.5
23.1
46.2
30.8
54.5
36.4
54.5
27.3
63.6
36.4
46.2
30.8
60.0
40.0
38.5
30.8
63.6
36.4
58.3
33.3
30.8
23.1
50.0
25.0
45.5
27.3
42.9
28.6
50.0
33.3
70.0
40.0
41.7
41.7
63.6
45.5
54.5
27.3
58.3
33.3
54.5
45.5
63.6
36.4
63.6
54.5
50.0
25.0
63.6
45.5
50.0
35.7
72.7
36.4
50.0
33.3
63.6
36.4
50.0
25.0
50.0
33.3
54.5
36.4
54.5
45.5
54.5
36.4
63.6
27.3
58.3
41.7
54.5
45.5
63.6
36.4
58.3
41.7
42.9
28.6
38.5
30.8
63.6
45.5
50.0
33.3
41.7
25.0
50.0
33.3
54.5
45.5
54.5
36.4
54.5
36.4
54.5
27.3
41.7
33.3
58.3
41.7
45.5
36.4
45.5
36.4
66.7
33.3
63.6
36.4
33.3