98.0
99.0
99.0
98.0
98.0
35.0
32.0
31.0
32.0
32.0
34.0
31.0
31.0
32.0
32.0
29.0
29.0
31.0
30.0
31.0
31.0
98.0
97.0
97.0
98.0
94.0
93.0
31.0
31.0
32.0
31.0
29.0
31.0
31.0
30.0
30.0
28.0
30.0
30.0
31.0
30.0
30.0
41.0
97.0
96.0
97.0
98.0
98.0
30.0
33.0
32.0
32.0
31.0
31.0
31.0
32.0
32.0
32.0
31.0
32.0
32.0
31.0
95.0
56.0
38.0
98.0
96.0
81.0
97.0
84.0
31.0
32.0
32.0
31.0
30.0
30.0
31.0
32.0
30.0
31.0
30.0
31.0
39.0
35.0
60.0
92.0
34.0
97.0
96.0
84.0
98.0
32.0
31.0
32.0
32.0
31.0
30.0
31.0
31.0
30.0
30.0
31.0
30.0
61.0
79.0
37.0
39.0
96.0
63.0
96.0
97.0
97.0
57.0
33.0
31.0
32.0
31.0
31.0
32.0
30.0
31.0
30.0
30.0
63.0
35.0
44.0
96.0
52.0
38.0
59.0
97.0
96.0
97.0
97.0
30.0
22.0
31.0
32.0
30.0
31.0
30.0
31.0
31.0
31.0
36.0
95.0
33.0
38.0
72.0
87.0
37.0
36.0
98.0
76.0
97.0
32.0
30.0
32.0
30.0
29.0
30.0
30.0
29.0
29.0
89.0
30.0
32.0
74.0
72.0
33.0
39.0
94.0
58.0
36.0
96.0
96.0
40.0
31.0
31.0
31.0
30.0
31.0
32.0
31.0
31.0
30.0
82.0
56.0
35.0
43.0
97.0
43.0
36.0
49.0
94.0
37.0
97.0
86.0
31.0
31.0
31.0
31.0
31.0
29.0
30.0
86.0
43.0
31.0
84.0
97.0
30.0
34.0
95.0
82.0
34.0
39.0
93.0
66.0
98.0
31.0
31.0
31.0
31.0
30.0
31.0
32.0
31.0
71.0
79.0
30.0
53.0
86.0
64.0
34.0
56.0
89.0
50.0
36.0
68.0
97.0
32.0
32.0
30.0
31.0
31.0
31.0
70.0
67.0
30.0
31.0
95.0
50.0
32.0
39.0
97.0
34.0
33.0
52.0
89.0
39.0
40.0
73.0
30.0
31.0
32.0
30.0
55.0
30.0
36.0
85.0
36.0
31.0
63.0
91.0
31.0
35.0
95.0
73.0
33.0
40.0
97.0
60.0
38.0
31.0
32.0
31.0
32.0
35.0
94.0
30.0
32.0
72.0
76.0
30.0
34.0
91.0
59.0
30.0
59.0
98.0
44.0
32.0
66.0
45.0
31.0
30.0
31.0
79.0
31.0
30.0
50.0
62.0
32.0
48.0
98.0
44.0
32.0
65.0
98.0
31.0
33.0
66.0
84.0
33.0
30.0
31.0
32.0
31.0
33.0
89.0
47.0
31.0
38.0
99.0
30.0
33.0
67.0
86.0
31.0
34.0
90.0
67.0
30.0