63.6
45.5
54.5
45.5
60.0
40.0
70.0
30.0
58.3
50.0
50.0
33.3
54.5
45.5
60.0
40.0
45.5
27.3
54.5
36.4
60.0
50.0
60.0
40.0
63.6
36.4
54.5
36.4
40.0
30.0
54.5
36.4
80.0
60.0
58.3
33.3
63.6
54.5
30.0
20.0
45.5
18.2
45.5
27.3
45.5
27.3
50.0
20.0
50.0
20.0
36.4
18.2
40.0
30.0
45.5
27.3
40.0
30.0
60.0
40.0
70.0
40.0
80.0
50.0
50.0
40.0
66.7
41.7
63.6
36.4
50.0
30.0
60.0
40.0
70.0
40.0
58.3
33.3
60.0
40.0
63.6
27.3
63.6
27.3
54.5
27.3
50.0
50.0
54.5
36.4
63.6
36.4
72.7
36.4
60.0
50.0
63.6
36.4
40.0
40.0
45.5
36.4
45.5
27.3
40.0
30.0
45.5
36.4
63.6
36.4
60.0
40.0
45.5
36.4
45.5
36.4
50.0
40.0
45.5
27.3
63.6
36.4
60.0
30.0
10.0
10.0
54.5
36.4
80.0
50.0
45.5
36.4
50.0
40.0
70.0
50.0
63.6
27.3
50.0
40.0
63.6
36.4
50.0
40.0
54.5
27.3
60.0
40.0
45.5
45.5
54.5
45.5
72.7
45.5
72.7
36.4
60.0
50.0
54.5
45.5
60.0
40.0
45.5
36.4
41.7
25.0
50.0
40.0
70.0
40.0
70.0
40.0
36.4
36.4
54.5
27.3
50.0
50.0
72.7
36.4
80.0
50.0
9.1
70.0
40.0
45.5
36.4
70.0
50.0
45.5
36.4
50.0
40.0
45.5
36.4
45.5
36.4
70.0
40.0
45.5
27.3
54.5
36.4
63.6
36.4
70.0
40.0
54.5
45.5
63.6
36.4
80.0
30.0
63.6
45.5
70.0
50.0
70.0
40.0
50.0
33.3
50.0
40.0
60.0
40.0
54.5
36.4
60.0
50.0
54.5
27.3
60.0
40.0
54.5
36.4
70.0
40.0
50.0
33.3
50.0
30.0
45.5
36.4
60.0
40.0
58.3
41.7
70.0
50.0
54.5
27.3
63.6
27.3
70.0
40.0
45.5
36.4
50.0
33.3
60.0
50.0
54.5
45.5
63.6
36.4
70.0
40.0
66.7
41.7
80.0
50.0
60.0
40.0
70.0
50.0
60.0
30.0
41.7
33.3
54.5
36.4
45.5
27.3
60.0
30.0
63.6
36.4
50.0
41.7
70.0
50.0
58.3
50.0
70.0
50.0
63.6
45.5
63.6
45.5
70.0
40.0
54.5
36.4
70.0
40.0
60.0
40.0
45.5
36.4
45.5
27.3
60.0
40.0
45.5
36.4
58.3
33.3
70.0
40.0
72.7
27.3
60.0
40.0
72.7
36.4
40.0
40.0
9.1
58.3
33.3
54.5
36.4
54.5
36.4
45.5
36.4
54.5
27.3
60.0
40.0
54.5
45.5
54.5
45.5
70.0
40.0
60.0
50.0
63.6
36.4
70.0
30.0
70.0
40.0
63.6
45.5
20.0
20.0
80.0
50.0
70.0
40.0
60.0
40.0
63.6
45.5
70.0
40.0
50.0
33.3
70.0
40.0
63.6
36.4
60.0
30.0
63.6
36.4
60.0
40.0
50.0
33.3
54.5
45.5
58.3
33.3
60.0
40.0
45.5
45.5
63.6
36.4
58.3
41.7
63.6
36.4
66.7
33.3
70.0
50.0
60.0
60.0
50.0
25.0
70.0
30.0
54.5
36.4
70.0
40.0
63.6
45.5
70.0
50.0
50.0
41.7
63.6
36.4
60.0
40.0
54.5
36.4
58.3
41.7
63.6
36.4
63.6
36.4
60.0
40.0
54.5
27.3
60.0
40.0
54.5
36.4
70.0
40.0
63.6
36.4
80.0
40.0
45.5
27.3
