100.0
100.0
99.0
100.0
100.0
42.0
32.0
31.0
33.0
32.0
30.0
31.0
30.0
31.0
30.0
31.0
32.0
33.0
31.0
31.0
32.0
98.0
96.0
96.0
99.0
99.0
74.0
35.0
31.0
32.0
33.0
31.0
29.0
33.0
31.0
33.0
32.0
31.0
31.0
32.0
32.0
81.0
38.0
97.0
99.0
84.0
99.0
98.0
42.0
32.0
32.0
32.0
32.0
32.0
31.0
31.0
30.0
31.0
30.0
29.0
30.0
30.0
48.0
96.0
53.0
97.0
100.0
100.0
98.0
44.0
29.0
31.0
31.0
31.0
30.0
30.0
30.0
31.0
30.0
30.0
30.0
30.0
97.0
36.0
41.0
72.0
90.0
99.0
100.0
100.0
81.0
35.0
35.0
31.0
31.0
30.0
30.0
30.0
20.0
32.0
31.0
32.0
30.0
41.0
94.0
74.0
36.0
49.0
98.0
80.0
99.0
99.0
44.0
34.0
33.0
31.0
30.0
30.0
29.0
29.0
31.0
30.0
31.0
84.0
60.0
40.0
51.0
98.0
44.0
43.0
96.0
99.0
91.0
50.0
36.0
33.0
31.0
32.0
30.0
31.0
31.0
29.0
31.0
44.0
36.0
63.0
97.0
39.0
44.0
76.0
83.0
36.0
99.0
99.0
90.0
35.0
34.0
31.0
33.0
31.0
30.0
32.0
31.0
31.0
52.0
85.0
36.0
41.0
87.0
68.0
37.0
60.0
97.0
55.0
98.0
97.0
44.0
34.0
32.0
32.0
33.0
32.0
31.0
31.0
71.0
35.0
46.0
98.0
58.0
39.0
50.0
95.0
39.0
39.0
96.0
91.0
98.0
50.0
37.0
34.0
32.0
32.0
32.0
32.0
30.0
40.0
96.0
41.0
40.0
72.0
92.0
35.0
46.0
89.0
77.0
40.0
50.0
99.0
75.0
36.0
33.0
32.0
32.0
31.0
31.0
75.0
33.0
42.0
87.0
80.0
36.0
50.0
91.0
63.0
39.0
46.0
99.0
48.0
47.0
100.0
46.0
32.0
31.0
31.0
31.0
31.0
39.0
78.0
66.0
40.0
65.0
93.0
50.0
41.0
61.0
98.0
36.0
41.0
86.0
84.0
42.0
45.0
39.0
34.0
32.0
31.0
49.0
53.0
40.0
56.0
99.0
36.0
41.0
66.0
88.0
37.0
43.0
95.0
73.0
38.0
46.0
98.0
47.0
34.0
33.0
33.0
37.0
36.0
48.0
92.0
36.0
43.0
90.0
77.0
39.0
43.0
90.0
59.0
37.0
57.0
97.0
43.0
40.0
43.0
41.0
32.0
32.0
45.0
79.0
37.0
50.0
96.0
64.0
36.0
64.0
98.0
47.0
37.0
73.0
97.0
39.0
38.0
70.0
78.0
36.0
36.0
34.0
55.0
35.0
42.0
92.0
47.0
41.0
60.0
99.0
35.0
45.0
73.0
86.0
39.0
46.0
80.0
70.0
37.0
41.0
47.0
35.0
32.0
37.0
91.0
37.0
39.0
74.0
87.0
34.0
43.0
80.0
70.0
39.0
45.0
95.0
54.0
39.0
59.0
85.0
36.0
33.0
37.0
62.0
33.0
37.0
65.0
76.0
36.0
44.0
90.0
57.0
37.0
52.0
97.0
41.0
45.0
63.0
95.0
35.0
36.0
32.0
41.0
32.0
36.0
69.0
62.0
36.0
51.0
97.0
46.0
41.0
62.0
96.0
38.0
43.0
77.0
82.0
37.0
46.0
57.0
50.0
32.0
32.0
49.0
44.0
38.0
60.0
98.0
34.0
40.0
67.0
85.0
35.0
41.0
97.0
68.0
37.0
59.0
97.0
52.0
39.0
40.0
43.0
32.0
33.0
48.0
85.0
36.0
43.0
96.0
70.0
35.0
45.0
97.0
53.0
43.0
62.0
98.0
36.0
40.0
48.0
62.0
34.0
35.0
42.0
72.0
36.0
43.0
85.0
58.0
38.0
64.0
98.0
40.0
41.0
72.0
93.0
38.0
44.0
77.0
77.0
34.0
35.0
42.0
53.0
34.0
40.0
86.0
42.0
41.0
52.0
97.0
37.0
41.0
71.0
80.0
36.0
39.0
99.0
65.0
41.0
38.0
52.0
42.0
35.0
41.0
83.0
32.0
43.0
68.0
82.0
34.0
42.0
85.0
66.0
37.0
49.0
97.0
53.0
41.0
68.0
97.0
36.0
34.0
36.0
52.0
30.0
42.0
77.0
70.0
36.0
48.0
97.0
53.0
38.0
65.0
97.0
38.0
42.0
78.0
89.0
38.0
43.0
43.0
53.0
34.0
38.0
50.0
54.0
38.0
47.0
96.0
38.0
38.0
76.0
91.0
38.0
42.0
73.0
76.0
44.0
52.0
94.0
58.0
35.0
39.0
52.0
43.0
37.0
50.0
93.0
36.0
38.0
81.0
80.0
38.0
43.0
90.0
63.0
38.0
58.0
99.0
49.0
44.0
42.0
58.0
35.0
37.0
47.0
83.0
36.0
45.0
87.0
67.0
40.0
59.0
98.0
48.0
42.0
60.0
98.0
40.0
46.0
87.0
74.0
35.0
36.0
44.0
68.0
34.0
39.0
96.0
54.0
38.0
57.0
97.0
36.0
42.0
70.0
88.0
35.0
41.0
77.0
73.0
37.0
42.0
47.0
50.0
33.0
43.0
89.0
42.0
35.0
73.0
91.0
35.0
45.0
91.0
75.0
37.0
49.0
93.0
59.0
36.0
45.0
94.0
40.0
34.0
36.0
69.0
30.0