70.0
60.0
50.0
63.6
54.5
45.5
63.6
54.5
45.5
63.6
45.5
36.4
54.5
54.5
54.5
72.7
54.5
45.5
72.7
54.5
45.5
63.6
54.5
54.5
27.3
18.2
9.1
18.2
18.2
18.2
30.0
30.0
10.0
18.2
18.2
9.1
20.0
10.0
10.0
18.2
18.2
9.1
20.0
20.0
10.0
18.2
9.1
9.1
18.2
9.1
9.1
20.0
20.0
10.0
18.2
9.1
9.1
20.0
20.0
10.0
27.3
18.2
9.1
27.3
18.2
18.2
30.0
20.0
10.0
18.2
18.2
9.1
30.0
20.0
10.0
30.0
20.0
10.0
18.2
9.1
9.1
9.1
9.1
9.1
70.0
60.0
60.0
40.0
10.0
10.0
70.0
60.0
50.0
54.5
27.3
9.1
63.6
63.6
36.4
72.7
54.5
45.5
18.2
18.2
9.1
63.6
54.5
45.5
81.8
54.5
54.5
30.0
20.0
10.0
30.0
20.0
10.0
18.2
9.1
9.1
27.3
18.2
9.1
30.0
10.0
10.0
27.3
18.2
9.1
30.0
20.0
10.0
27.3
18.2
9.1
18.2
18.2
9.1
18.2
18.2
18.2
18.2
9.1
20.0
10.0
10.0
27.3
18.2
9.1
27.3
18.2
9.1
20.0
20.0
10.0
30.0
20.0
10.0
27.3
18.2
9.1
18.2
18.2
9.1
27.3
18.2
9.1
30.0
20.0
10.0
63.6
63.6
54.5
27.3
18.2
9.1
70.0
50.0
30.0
81.8
54.5
54.5
81.8
54.5
45.5
80.0
80.0
60.0
72.7
45.5
36.4
72.7
54.5
45.5
72.7
45.5
36.4
27.3
27.3
18.2
30.0
20.0
20.0
36.4
9.1
30.0
10.0
10.0
20.0
20.0
10.0
18.2
9.1
9.1
18.2
18.2
18.2
30.0
30.0
20.0
27.3
18.2
9.1
18.2
18.2
9.1
20.0
20.0
10.0
30.0
20.0
10.0
27.3
18.2
9.1
30.0
10.0
10.0
30.0
30.0
20.0
27.3
9.1
9.1
40.0
20.0
10.0
63.6
54.5
54.5
27.3
18.2
9.1
70.0
70.0
50.0
18.2
9.1
9.1
63.6
63.6
45.5
27.3
18.2
9.1
72.7
63.6
45.5
63.6
63.6
54.5
72.7
45.5
45.5
72.7
54.5
45.5
80.0
60.0
50.0
