97.0
98.0
99.0
99.0
99.0
77.0
32.0
33.0
32.0
30.0
33.0
31.0
31.0
31.0
30.0
31.0
31.0
31.0
31.0
31.0
31.0
67.0
97.0
86.0
97.0
97.0
97.0
32.0
32.0
32.0
34.0
31.0
31.0
31.0
31.0
30.0
30.0
30.0
31.0
31.0
30.0
97.0
48.0
39.0
99.0
98.0
92.0
97.0
36.0
32.0
32.0
30.0
31.0
32.0
30.0
30.0
31.0
32.0
32.0
31.0
31.0
30.0
35.0
79.0
82.0
33.0
96.0
98.0
96.0
82.0
32.0
31.0
31.0
30.0
31.0
30.0
30.0
30.0
31.0
30.0
31.0
30.0
74.0
72.0
37.0
39.0
98.0
56.0
96.0
98.0
99.0
32.0
30.0
32.0
32.0
32.0
31.0
29.0
25.0
31.0
30.0
31.0
55.0
33.0
62.0
97.0
45.0
40.0
88.0
92.0
97.0
95.0
37.0
31.0
31.0
32.0
33.0
31.0
32.0
32.0
31.0
32.0
31.0
39.0
95.0
35.0
37.0
65.0
81.0
35.0
54.0
96.0
84.0
91.0
30.0
21.0
31.0
32.0
31.0
30.0
30.0
33.0
29.0
80.0
31.0
33.0
98.0
63.0
32.0
44.0
96.0
51.0
38.0
95.0
99.0
32.0
31.0
30.0
32.0
30.0
30.0
30.0
30.0
31.0
34.0
94.0
48.0
30.0
71.0
97.0
34.0
34.0
82.0
87.0
39.0
97.0
53.0
33.0
33.0
32.0
30.0
32.0
32.0
31.0
95.0
34.0
31.0
65.0
88.0
31.0
33.0
77.0
73.0
37.0
39.0
98.0
58.0
93.0
31.0
30.0
30.0
31.0
30.0
30.0
30.0
31.0
64.0
75.0
30.0
36.0
98.0
55.0
34.0
68.0
98.0
44.0
38.0
82.0
93.0
32.0
32.0
32.0
31.0
31.0
31.0
75.0
58.0
31.0
36.0
96.0
41.0
31.0
57.0
97.0
32.0
34.0
85.0
80.0
35.0
44.0
55.0
32.0
30.0
31.0
32.0
43.0
30.0
41.0
96.0
31.0
33.0
75.0
81.0
31.0
35.0
83.0
66.0
33.0
52.0
97.0
49.0
33.0
30.0
32.0
30.0
32.0
49.0
83.0
29.0
31.0
71.0
67.0
31.0
50.0
89.0
49.0
31.0
62.0
96.0
33.0
35.0
54.0
37.0
30.0
33.0
32.0
69.0
30.0
34.0
90.0
50.0
30.0
48.0
96.0
35.0
33.0
58.0
92.0
30.0
34.0
92.0
73.0
32.0
32.0
31.0
32.0
30.0
36.0
93.0
37.0
31.0
65.0
92.0
29.0
32.0
85.0
75.0
31.0
37.0
98.0
57.0
30.0
37.0
37.0
31.0
30.0
29.0
91.0
29.0
32.0
67.0
77.0
30.0
33.0
87.0
59.0
31.0
52.0
95.0
41.0
31.0
78.0
80.0
