70.0
40.0
54.5
36.4
70.0
40.0
60.0
40.0
45.5
36.4
45.5
27.3
60.0
40.0
45.5
36.4
58.3
33.3
70.0
40.0
72.7
27.3
60.0
40.0
72.7
36.4
40.0
40.0
9.1
58.3
33.3
54.5
36.4
54.5
36.4
45.5
36.4
54.5
27.3
60.0
40.0
54.5
45.5
54.5
45.5
70.0
40.0
60.0
50.0
63.6
36.4
70.0
30.0
70.0
40.0
63.6
45.5
20.0
20.0
80.0
50.0
70.0
40.0
60.0
40.0
63.6
45.5
70.0
40.0
50.0
33.3
70.0
40.0
63.6
36.4
60.0
30.0
63.6
36.4
60.0
40.0
50.0
33.3
54.5
45.5
58.3
33.3
60.0
40.0
45.5
45.5
63.6
36.4
58.3
41.7
63.6
36.4
66.7
33.3
70.0
50.0
60.0
60.0
50.0
25.0
70.0
30.0
54.5
36.4
70.0
40.0
63.6
45.5
70.0
50.0
50.0
41.7
63.6
36.4
60.0
40.0
54.5
36.4
58.3
41.7
63.6
36.4
63.6
36.4
60.0
40.0
54.5
27.3
60.0
40.0
54.5
36.4
70.0
40.0
63.6
36.4
80.0
40.0
45.5
27.3
