[2025-02-13 19:40:05]
---
---
80.0
50.0
---
50.0
50.0
---
50.0
30.0
---
80.0
40.0
---
54.5
27.3
---
60.0
30.0
---
54.5
36.4
---
54.5
36.4
---
36.4
27.3
---
45.5
27.3
---
60.0
50.0
---
63.6
36.4
---
54.5
36.4
---
60.0
50.0
---
58.3
50.0
---
54.5
36.4
---
60.0
30.0
---
63.6
36.4
---
60.0
50.0
---
70.0
30.0
---
63.6
45.5
---
70.0
30.0
---
70.0
60.0
---
58.3
33.3
---
54.5
36.4
---
63.6
27.3
---
60.0
40.0
---
60.0
50.0
---
80.0
30.0
---
81.8
36.4
---
20.0
10.0
---
60.0
40.0
---
45.5
36.4
---
54.5
27.3
---
58.3
41.7
---
63.6
36.4
---
58.3
33.3
---
50.0
33.3
---
58.3
41.7
---
50.0
33.3
---
54.5
45.5
---
50.0
40.0
---
50.0
41.7
---
70.0
50.0
---
63.6
36.4
---
10.0
---
58.3
41.7
---
80.0
30.0
---
45.5
45.5
---
45.5
27.3
---
70.0
40.0
---
54.5
36.4
---
63.6
45.5
---
70.0
50.0
---
54.5
36.4
---
45.5
36.4
---
70.0
40.0
---
63.6
27.3
---
63.6
36.4
---
60.0
40.0
---
45.5
27.3
---
60.0
50.0
---
58.3
33.3
---
72.7
36.4
---
60.0
50.0
---
70.0
40.0
---
54.5
45.5
---
50.0
33.3
---
63.6
27.3
---
70.0
40.0
---
54.5
27.3
---
54.5
36.4
---
63.6
36.4
---
70.0
30.0
---
54.5
36.4
---
45.5
18.2
---
---
