[2025-02-13 19:55:02]
---
33.3
33.3
---
70.0
40.0
---
54.5
45.5
---
50.0
40.0
---
54.5
27.3
---
63.6
36.4
---
50.0
30.0
---
60.0
50.0
---
70.0
40.0
---
50.0
33.3
---
60.0
30.0
---
54.5
36.4
---
63.6
36.4
---
54.5
27.3
---
70.0
50.0
---
70.0
40.0
---
63.6
45.5
---
63.6
36.4
---
70.0
40.0
---
50.0
40.0
---
50.0
33.3
---
63.6
45.5
---
50.0
40.0
---
54.5
36.4
---
54.5
36.4
---
60.0
50.0
---
70.0
50.0
---
46.2
38.5
---
54.5
36.4
---
60.0
40.0
---
70.0
40.0
---
54.5
27.3
---
60.0
30.0
---
54.5
36.4
---
50.0
50.0
---
70.0
40.0
---
70.0
50.0
---
63.6
36.4
---
58.3
41.7
---
70.0
40.0
---
60.0
40.0
---
54.5
27.3
---
60.0
40.0
---
41.7
25.0
---
54.5
36.4
---
60.0
40.0
---
54.5
45.5
---
70.0
40.0
---
54.5
27.3
---
50.0
33.3
---
54.5
36.4
---
60.0
40.0
---
63.6
27.3
---
54.5
36.4
---
60.0
40.0
---
60.0
50.0
---
70.0
40.0
---
54.5
36.4
---
54.5
36.4
---
63.6
36.4
---
60.0
40.0
---
70.0
50.0
---
70.0
40.0
---
63.6
36.4
---
54.5
36.4
---
60.0
50.0
---
53.8
30.8
---
58.3
33.3
---
54.5
45.5
---
58.3
41.7
---
63.6
36.4
---
54.5
45.5
---
72.7
36.4
---
63.6
36.4
---
50.0
33.3
---
41.7
33.3
---
63.6
36.4
---
54.5
45.5
---
63.6
36.4
---
45.5
36.4
---
54.5
36.4
---
70.0
50.0
---
45.5
36.4
---
54.5
36.4
---
63.6
45.5
---
63.6
36.4
---
63.6
45.5
---
66.7
41.7
---
63.6
36.4
---
80.0
50.0
---
54.5
45.5
---
58.3
33.3
---
50.0
41.7
---
63.6
45.5
---
58.3
41.7
---
54.5
45.5
---
63.6
45.5
---
54.5
36.4
---
50.0
35.7
---
54.5
36.4
---
63.6
36.4
---
54.5
36.4
---
63.6
27.3
---
50.0
33.3
---
54.5
36.4
---
54.5
36.4
---
63.6
36.4
---
50.0
41.7
---
58.3
33.3
---
45.5
36.4
---
54.5
36.4
---
63.6
45.5
---
41.7
33.3
---
63.6
45.5
---
50.0
41.7
---
50.0
42.9
---
9.1
9.1
---
66.7
33.3
---
63.6
36.4
---
63.6
36.4
---
54.5
36.4
---
50.0
33.3
---
63.6
36.4
---
54.5
45.5
---
63.6
45.5
---
63.6
36.4
---
46.2
38.5
---
60.0
30.0
---
50.0
41.7
---
54.5
36.4
---
63.6
45.5
---
54.5
36.4
---
42.9
28.6
---
63.6
36.4
---
54.5
36.4
---
54.5
36.4
---
54.5
45.5
---
72.7
45.5
---
66.7
41.7
---
54.5
36.4
---
54.5
45.5
---
41.7
41.7
---
63.6
36.4
---
66.7
41.7
---
72.7
45.5
---
63.6
45.5
---
---
