==========================================
Testando com 100 usuários concorrentes
==========================================
--- Execução #1 ---
Número total de transações:          500000
Disponibilidade:                     100.00%
Tempo total decorrido:               65.24 seg
Dados transferidos:                  189.30 MB
Tempo médio de resposta:             0.01 seg
Taxa de transações (trans/sec):      7664.01
Throughput (MB/s):                   2.90
Concorrência média:                  85.99
Transações bem-sucedidas:            500000
Transações com falha:                0
Transação mais longa:                0.31 seg
Transação mais curta:                0.00 seg

--- Execução #2 ---
Número total de transações:          500000
Disponibilidade:                     100.00%
Tempo total decorrido:               65.38 seg
Dados transferidos:                  189.30 MB
Tempo médio de resposta:             0.01 seg
Taxa de transações (trans/sec):      7647.60
Throughput (MB/s):                   2.90
Concorrência média:                  83.99
Transações bem-sucedidas:            500000
Transações com falha:                0
Transação mais longa:                0.45 seg
Transação mais curta:                0.00 seg

--- Execução #3 ---
Número total de transações:          500000
Disponibilidade:                     100.00%
Tempo total decorrido:               63.74 seg
Dados transferidos:                  189.30 MB
Tempo médio de resposta:             0.01 seg
Taxa de transações (trans/sec):      7844.37
Throughput (MB/s):                   2.97
Concorrência média:                  91.50
Transações bem-sucedidas:            500000
Transações com falha:                0
Transação mais longa:                0.24 seg
Transação mais curta:                0.00 seg

--- Execução #4 ---
Número total de transações:          500000
Disponibilidade:                     100.00%
Tempo total decorrido:               66.44 seg
Dados transferidos:                  189.30 MB
Tempo médio de resposta:             0.01 seg
Taxa de transações (trans/sec):      7525.59
Throughput (MB/s):                   2.85
Concorrência média:                  87.36
Transações bem-sucedidas:            500000
Transações com falha:                0
Transação mais longa:                0.17 seg
Transação mais curta:                0.00 seg

--- Execução #5 ---
Número total de transações:          500000
Disponibilidade:                     100.00%
Tempo total decorrido:               64.01 seg
Dados transferidos:                  189.30 MB
Tempo médio de resposta:             0.01 seg
Taxa de transações (trans/sec):      7811.28
Throughput (MB/s):                   2.96
Concorrência média:                  91.05
Transações bem-sucedidas:            500000
Transações com falha:                0
Transação mais longa:                0.28 seg
Transação mais curta:                0.00 seg
