==========================================
Testando com 10 usuários concorrentes
==========================================
--- Execução #1 ---
Número total de transações:          50000
Disponibilidade:                     100.00%
Tempo total decorrido:               7.32 seg
Dados transferidos:                  18.93 MB
Tempo médio de resposta:             0.00 seg
Taxa de transações (trans/sec):      6830.60
Throughput (MB/s):                   2.59
Concorrência média:                  7.78
Transações bem-sucedidas:            50000
Transações com falha:                0
Transação mais longa:                0.01 seg
Transação mais curta:                0.00 seg

--- Execução #2 ---
Número total de transações:          50000
Disponibilidade:                     100.00%
Tempo total decorrido:               6.66 seg
Dados transferidos:                  18.93 MB
Tempo médio de resposta:             0.00 seg
Taxa de transações (trans/sec):      7507.51
Throughput (MB/s):                   2.84
Concorrência média:                  8.79
Transações bem-sucedidas:            50000
Transações com falha:                0
Transação mais longa:                0.01 seg
Transação mais curta:                0.00 seg

--- Execução #3 ---
Número total de transações:          50000
Disponibilidade:                     100.00%
Tempo total decorrido:               7.11 seg
Dados transferidos:                  18.93 MB
Tempo médio de resposta:             0.00 seg
Taxa de transações (trans/sec):      7032.35
Throughput (MB/s):                   2.66
Concorrência média:                  8.03
Transações bem-sucedidas:            50000
Transações com falha:                0
Transação mais longa:                0.02 seg
Transação mais curta:                0.00 seg

--- Execução #4 ---
Número total de transações:          50000
Disponibilidade:                     100.00%
Tempo total decorrido:               7.52 seg
Dados transferidos:                  18.93 MB
Tempo médio de resposta:             0.00 seg
Taxa de transações (trans/sec):      6648.94
Throughput (MB/s):                   2.52
Concorrência média:                  7.66
Transações bem-sucedidas:            50000
Transações com falha:                0
Transação mais longa:                0.02 seg
Transação mais curta:                0.00 seg

--- Execução #5 ---
Número total de transações:          50000
Disponibilidade:                     100.00%
Tempo total decorrido:               7.47 seg
Dados transferidos:                  18.93 MB
Tempo médio de resposta:             0.00 seg
Taxa de transações (trans/sec):      6693.44
Throughput (MB/s):                   2.53
Concorrência média:                  7.97
Transações bem-sucedidas:            50000
Transações com falha:                0
Transação mais longa:                0.02 seg
Transação mais curta:                0.00 seg

