79
78
78
75
76
77
78
92
83
76
78
88
78
76
78
76
76
78
78
79
80
80
80
81
79
80
80
77
80
77
77
76
76
79
77
77
77
79
78
79
79
78
79
79
79
78
80
80
80
80
78
89
79
79
77
78
78
79
78
78
76
90
80
77
77
76
76
79
79
79
80
82
82
82
83
82
82
81
82
82
82
81
82
83
83
84
80
81
80
80
80
80
80
80
79
79
79
79
79
79
70
80
80
79
78
78
77
78
79
77
78
78
78
79
78
76
77
78
78
78
80
80
79
79
80
79
80
78
78
79
78
77
79
79
79
77
80
78
78
78
78
78
78
77
77
78
76
76
75
75
76
76
75
74
75
74
75
76
75
75
76
78
77
78
73
73
78
76
78
78
77
80
79
81
81
66
59
76
74
78
76
90
80
78
77
77
78
78
80
80
81
79
79
79
81
78
80
80
78
79
77
74
76
79
81
81
81
81
80
82
81
81
81
81
81
80
81
80
80
80
80
80
80
79
80
79
78
79
80
81
81
80
80
78
80
79
79
78
79
79
78
79
77
78
77
78
79
79
79
77
78
76
76
76
78
77
79
79
78
78
78
80
79
82
82
84
84
83
82
80
80
81
81
79
79
80
79
81
80
81
79
80
79
80
79
79
78
79
80
79
80
80
77
78
79
78
78
78
80
80
78
78
86
76
79
76
76
75
89
79
79
78
77
77
77
77
75
84
78
77
77
77
78
76
76
76
77
78
73
78
79
78
81
80
80
81
81
82
82
80
80
81
82
82
82
82
82
81
82
82
82
82
81
80
81
82
82
78
78
78
80
78
77
78
79
79
79
77
77
78
78
77
75
75
78
79
76
78
79
76
78
77
77
80
79
78
80
80
75
78
76
75
75
78
78
75
79
76
78
78
76
75
78
77
74
74
74
78
75
77
78
77
72
77
76
78
79
77
77
77
77
77
76
74
78
79
79
79
77
78
76
78
77
76
78
77
79
79
75
76
78
79
79
79
79
77
80
81
81
81
81
81
81
82
82
83
83
82
82
