99.0
100.0
99.0
99.0
84.0
100.0
42.0
33.0
32.0
31.0
32.0
32.0
32.0
32.0
30.0
31.0
30.0
30.0
30.0
30.0
30.0
85.0
95.0
98.0
98.0
99.0
98.0
54.0
38.0
33.0
31.0
31.0
31.0
32.0
31.0
30.0
31.0
31.0
32.0
33.0
32.0
96.0
41.0
44.0
98.0
99.0
96.0
98.0
99.0
42.0
33.0
31.0
32.0
33.0
32.0
30.0
29.0
26.0
32.0
30.0
31.0
31.0
42.0
91.0
78.0
41.0
99.0
100.0
85.0
76.0
42.0
35.0
32.0
32.0
32.0
31.0
31.0
30.0
31.0
29.0
32.0
31.0
68.0
64.0
38.0
62.0
98.0
53.0
97.0
99.0
99.0
39.0
36.0
31.0
32.0
32.0
32.0
32.0
32.0
32.0
33.0
31.0
48.0
38.0
55.0
97.0
33.0
44.0
95.0
88.0
100.0
99.0
61.0
38.0
32.0
32.0
33.0
32.0
34.0
32.0
32.0
33.0
30.0
45.0
90.0
37.0
47.0
83.0
74.0
40.0
66.0
71.0
99.0
99.0
38.0
35.0
32.0
33.0
33.0
32.0
31.0
32.0
32.0
75.0
36.0
50.0
88.0
61.0
41.0
54.0
97.0
45.0
39.0
97.0
98.0
51.0
35.0
33.0
33.0
33.0
32.0
31.0
31.0
31.0
43.0
95.0
46.0
41.0
71.0
98.0
34.0
41.0
90.0
84.0
39.0
98.0
90.0
38.0
31.0
32.0
34.0
30.0
31.0
32.0
80.0
33.0
37.0
76.0
88.0
38.0
51.0
83.0
72.0
39.0
63.0
98.0
57.0
100.0
37.0
33.0
29.0
31.0
31.0
32.0
30.0
36.0
82.0
74.0
33.0
44.0
82.0
58.0
40.0
62.0
98.0
42.0
37.0
97.0
95.0
42.0
35.0
26.0
31.0
32.0
30.0
49.0
66.0
36.0
48.0
96.0
50.0
39.0
54.0
98.0
36.0
44.0
90.0
86.0
36.0
73.0
76.0
36.0
31.0
31.0
31.0
49.0
36.0
46.0
98.0
35.0
40.0
67.0
87.0
37.0
44.0
83.0
71.0
42.0
64.0
98.0
41.0
54.0
40.0
34.0
32.0
30.0
41.0
90.0
35.0
43.0
83.0
73.0
37.0
46.0
97.0
57.0
42.0
55.0
98.0
42.0
40.0
44.0
94.0
36.0
33.0
31.0
64.0
34.0
40.0
91.0
62.0
34.0
45.0
99.0
47.0
43.0
68.0
96.0
35.0
41.0
93.0
81.0
38.0
40.0
41.0
34.0
32.0
38.0
87.0
45.0
41.0
65.0
99.0
34.0
40.0
82.0
83.0
39.0
47.0
94.0
67.0
36.0
57.0
88.0
45.0
34.0
35.0
61.0
35.0
40.0
69.0
88.0
34.0
52.0
89.0
72.0
39.0
49.0
98.0
57.0
40.0
55.0
98.0
40.0
37.0
41.0
41.0
33.0
37.0
56.0
74.0
36.0
50.0
83.0
57.0
42.0
60.0
100.0
43.0
42.0
75.0
93.0
40.0
46.0
80.0
62.0
36.0
34.0
47.0
58.0
40.0
44.0
97.0
42.0
39.0
73.0
95.0
38.0
46.0
71.0
79.0
36.0
42.0
94.0
59.0
38.0
45.0
46.0
43.0
35.0
46.0
98.0
35.0
44.0
74.0
84.0
37.0
44.0
87.0
66.0
40.0
53.0
99.0
53.0
42.0
50.0
69.0
36.0
39.0
43.0
84.0
35.0
44.0
86.0
67.0
39.0
53.0
99.0
54.0
41.0
67.0
98.0
37.0
42.0
79.0
88.0
37.0
41.0
43.0
53.0
34.0
42.0
82.0
55.0
39.0
48.0
97.0
44.0
41.0
72.0
91.0
37.0
52.0
89.0
74.0
39.0
47.0
48.0
49.0
36.0
41.0
84.0
42.0
43.0
66.0
91.0
37.0
41.0
85.0
76.0
38.0
60.0
80.0
60.0
41.0
50.0
98.0
44.0
35.0
42.0
57.0
33.0
40.0
73.0
79.0
37.0
43.0
91.0
61.0
39.0
59.0
98.0
48.0
41.0
77.0
97.0
33.0
41.0
42.0
58.0
34.0
37.0
55.0
64.0
37.0
53.0
93.0
49.0
39.0
57.0
99.0
35.0
42.0
78.0
84.0
30.0
46.0
86.0
66.0
36.0
38.0
48.0
50.0
38.0
50.0
98.0
36.0
40.0
66.0
88.0
36.0
66.0
84.0
72.0
39.0
51.0
97.0
56.0
43.0
43.0
51.0
38.0
35.0
46.0
91.0
37.0
46.0
76.0
77.0
36.0
47.0
96.0
62.0
39.0
53.0
97.0
42.0
46.0
75.0
80.0
35.0
37.0
45.0
76.0
35.0
44.0
90.0
64.0
38.0
60.0
99.0
47.0
38.0
60.0
99.0
36.0
43.0
77.0
83.0
37.0
42.0
47.0
56.0
36.0
41.0
82.0
48.0
38.0
68.0
97.0
35.0
40.0
76.0
84.0
35.0
48.0
91.0
67.0
38.0
54.0
70.0
49.0
34.0
39.0
72.0
33.0
39.0
59.0
87.0
36.0
40.0
89.0
71.0
38.0
51.0
98.0
54.0
39.0
56.0
98.0
41.0
39.0
41.0
56.0
34.0
39.0
71.0
75.0
36.0
49.0
90.0
59.0
36.0
59.0
97.0
40.0
32.0