0.0
97.0
97.0
97.0
96.0
96.0
98.0
32.0
33.0
32.0
31.0
32.0
31.0
31.0
31.0
31.0
31.0
31.0
30.0
30.0
31.0
39.0
86.0
97.0
97.0
99.0
84.0
80.0
34.0
32.0
34.0
31.0
32.0
32.0
31.0
31.0
31.0
32.0
31.0
29.0
31.0
53.0
33.0
41.0
97.0
70.0
98.0
97.0
99.0
39.0
32.0
32.0
32.0
31.0
31.0
30.0
31.0
30.0
30.0
30.0
29.0
32.0
33.0
97.0
43.0
38.0
98.0
95.0
99.0
99.0
65.0
34.0
31.0
31.0
30.0
31.0
32.0
31.0
30.0
30.0
31.0
31.0
60.0
32.0
43.0
91.0
80.0
42.0
98.0
98.0
99.0
91.0
31.0
31.0
31.0
32.0
32.0
31.0
30.0
31.0
29.0
30.0
29.0
30.0
87.0
66.0
38.0
59.0
97.0
52.0
99.0
99.0
99.0
33.0
32.0
32.0
32.0
32.0
31.0
31.0
32.0
31.0
31.0
45.0
50.0
33.0
51.0
97.0
39.0
39.0
79.0
88.0
97.0
98.0
57.0
32.0
30.0
31.0
31.0
30.0
33.0
30.0
31.0
36.0
31.0
46.0
88.0
32.0
36.0
81.0
75.0
38.0
44.0
97.0
95.0
98.0
33.0
31.0
30.0
32.0
31.0
32.0
31.0
30.0
30.0
73.0
31.0
37.0
84.0
56.0
32.0
55.0
95.0
46.0
41.0
99.0
95.0
35.0
31.0
31.0
30.0
31.0
32.0
31.0
53.0
31.0
34.0
90.0
42.0
31.0
57.0
96.0
33.0
35.0
78.0
82.0
37.0
96.0
89.0
32.0
31.0
33.0
30.0
32.0
31.0
26.0
95.0
31.0
32.0
63.0
83.0
31.0
37.0
83.0
68.0
34.0
57.0
95.0
52.0
97.0
31.0
30.0
31.0
31.0
31.0
54.0
31.0
32.0
72.0
68.0
31.0
34.0
96.0
51.0
30.0
49.0
97.0
37.0
35.0
79.0
90.0
33.0
31.0
30.0
31.0
30.0
30.0
83.0
52.0
30.0
49.0
94.0
37.0
29.0
63.0
91.0
30.0
34.0
94.0
76.0
35.0
46.0
78.0
31.0
30.0
32.0
52.0
38.0
33.0
46.0
93.0
29.0
32.0
81.0
76.0
31.0
35.0
94.0
58.0
31.0
68.0
96.0
45.0
33.0
31.0
28.0
30.0
30.0
53.0
78.0
30.0
31.0
84.0
62.0
29.0
40.0
94.0
44.0
33.0
48.0
97.0
31.0
34.0
59.0
38.0
30.0
29.0
33.0
65.0
31.0
35.0
88.0
46.0
31.0
48.0
95.0
30.0
30.0
69.0
83.0
30.0
33.0
73.0
69.0
31.0
30.0
31.0
46.0
30.0
51.0
96.0
32.0
32.0
69.0
86.0
30.0
31.0
84.0
69.0
32.0
18.0
