70.0
60.0
60.0
63.6
54.5
54.5
72.7
72.7
36.4
72.7
54.5
45.5
63.6
54.5
45.5
72.7
54.5
54.5
81.8
45.5
36.4
27.3
9.1
9.1
30.0
10.0
10.0
40.0
30.0
20.0
20.0
20.0
18.2
18.2
9.1
27.3
9.1
30.0
20.0
10.0
50.0
10.0
10.0
27.3
18.2
9.1
20.0
20.0
10.0
30.0
20.0
20.0
18.2
18.2
9.1
30.0
10.0
10.0
40.0
10.0
30.0
20.0
10.0
27.3
9.1
9.1
30.0
30.0
10.0
30.0
20.0
20.0
27.3
9.1
9.1
30.0
20.0
10.0
20.0
20.0
10.0
54.5
54.5
45.5
54.5
54.5
45.5
63.6
54.5
45.5
72.7
45.5
36.4
54.5
45.5
45.5
70.0
60.0
60.0
80.0
60.0
50.0
63.6
63.6
45.5
27.3
9.1
9.1
20.0
10.0
40.0
20.0
10.0
18.2
18.2
9.1
27.3
9.1
9.1
18.2
18.2
9.1
20.0
20.0
10.0
30.0
30.0
10.0
30.0
30.0
10.0
30.0
10.0
20.0
10.0
10.0
18.2
18.2
18.2
27.3
18.2
9.1
27.3
18.2
9.1
20.0
20.0
10.0
27.3
9.1
9.1
30.0
20.0
10.0
27.3
9.1
9.1
30.0
20.0
10.0
30.0
20.0
10.0
27.3
9.1
9.1
27.3
18.2
18.2
72.7
63.6
45.5
70.0
60.0
40.0
80.0
70.0
40.0
63.6
54.5
54.5
54.5
54.5
54.5
50.0
50.0
41.7
70.0
70.0
50.0
30.0
30.0
10.0
20.0
20.0
20.0
18.2
18.2
18.2
30.0
10.0
10.0
27.3
18.2
18.2
27.3
18.2
9.1
30.0
10.0
30.0
10.0
10.0
20.0
20.0
10.0
27.3
18.2
18.2
20.0
20.0
10.0
20.0
10.0
10.0
27.3
18.2
9.1
20.0
20.0
10.0
30.0
20.0
20.0
30.0
20.0
27.3
18.2
9.1
30.0
10.0
10.0
30.0
20.0
20.0
27.3
9.1
63.6
54.5
45.5
30.0
20.0
10.0
54.5
54.5
45.5
72.7
54.5
45.5
72.7
63.6
63.6
72.7
63.6
36.4
63.6
54.5
54.5
72.7
45.5
45.5
