100.0
100.0
99.0
99.0
100.0
43.0
33.0
32.0
31.0
30.0
31.0
31.0
31.0
31.0
31.0
31.0
31.0
31.0
32.0
31.0
31.0
99.0
98.0
99.0
98.0
98.0
93.0
39.0
33.0
32.0
30.0
32.0
31.0
31.0
30.0
32.0
30.0
31.0
31.0
31.0
30.0
96.0
38.0
94.0
98.0
95.0
98.0
98.0
43.0
33.0
32.0
33.0
34.0
32.0
30.0
32.0
31.0
30.0
32.0
32.0
31.0
32.0
42.0
88.0
66.0
72.0
98.0
99.0
97.0
49.0
35.0
33.0
31.0
31.0
31.0
31.0
30.0
31.0
32.0
31.0
32.0
30.0
82.0
50.0
41.0
53.0
98.0
59.0
98.0
100.0
98.0
38.0
33.0
31.0
30.0
31.0
30.0
31.0
31.0
32.0
32.0
30.0
33.0
39.0
68.0
92.0
37.0
46.0
98.0
81.0
98.0
98.0
47.0
32.0
31.0
32.0
31.0
30.0
29.0
31.0
31.0
30.0
30.0
55.0
76.0
36.0
46.0
87.0
60.0
37.0
98.0
67.0
88.0
81.0
35.0
33.0
30.0
31.0
31.0
32.0
32.0
33.0
31.0
58.0
38.0
48.0
95.0
47.0
42.0
61.0
98.0
35.0
99.0
98.0
89.0
38.0
34.0
32.0
31.0
31.0
32.0
31.0
32.0
32.0
47.0
99.0
37.0
42.0
74.0
85.0
39.0
46.0
85.0
69.0
95.0
99.0
48.0
34.0
32.0
32.0
32.0
31.0
32.0
32.0
82.0
36.0
42.0
85.0
71.0
39.0
52.0
99.0
58.0
40.0
72.0
98.0
49.0
68.0
40.0
34.0
31.0
31.0
31.0
30.0
31.0
41.0
96.0
59.0
40.0
48.0
97.0
45.0
41.0
89.0
94.0
36.0
44.0
98.0
83.0
36.0
33.0
32.0
32.0
31.0
31.0
77.0
44.0
38.0
62.0
96.0
39.0
41.0
81.0
82.0
40.0
52.0
86.0
65.0
40.0
99.0
49.0
37.0
33.0
33.0
31.0
30.0
37.0
80.0
100.0
35.0
46.0
69.0
88.0
35.0
42.0
94.0
71.0
31.0
71.0
96.0
53.0
39.0
33.0
34.0
32.0
30.0
43.0
87.0
37.0
48.0
80.0
71.0
39.0
48.0
96.0
55.0
38.0
76.0
93.0
36.0
40.0
74.0
75.0
32.0
32.0
31.0
62.0
33.0
42.0
97.0
58.0
39.0
54.0
98.0
41.0
41.0
72.0
95.0
35.0
46.0
91.0
77.0
41.0
36.0
38.0
31.0
31.0
40.0
79.0
42.0
37.0
62.0
97.0
36.0
49.0
76.0
80.0
39.0
45.0
97.0
63.0
37.0
54.0
85.0
39.0
35.0
32.0
64.0
33.0
38.0
62.0
84.0
36.0
45.0
88.0
67.0
39.0
46.0
97.0
51.0
33.0
71.0
98.0
37.0
39.0
30.0
44.0
33.0
37.0
64.0
71.0
38.0
51.0
98.0
58.0
42.0
59.0
99.0
40.0
40.0
61.0
91.0
38.0
49.0
62.0
55.0
33.0
37.0
46.0
57.0
37.0
52.0
99.0
42.0
42.0
70.0
94.0
36.0
49.0
81.0
74.0
25.0
42.0
95.0
59.0
36.0
41.0
43.0
38.0
36.0
42.0
94.0
35.0
43.0
84.0
80.0
40.0
52.0
96.0
64.0
41.0
52.0
95.0
48.0
39.0
72.0
72.0
33.0
36.0
41.0
81.0
36.0
41.0
94.0
65.0
41.0
59.0
97.0
49.0
44.0
58.0
99.0
39.0
40.0
82.0
85.0
39.0
38.0
47.0
41.0
34.0
37.0
94.0
49.0
40.0
58.0
98.0
34.0
42.0
70.0
84.0
39.0
40.0
85.0
69.0
38.0
46.0
43.0
47.0
34.0
38.0
79.0
35.0
40.0
75.0
88.0
36.0
41.0
85.0
73.0
40.0
46.0
97.0
56.0
40.0
48.0
97.0
40.0
37.0
43.0
50.0
33.0
39.0
68.0
74.0
37.0
45.0
92.0
60.0
40.0
53.0
98.0
43.0
42.0
73.0
95.0
38.0
41.0
46.0
59.0
34.0
36.0
60.0
63.0
42.0
48.0
99.0
46.0
42.0
67.0
95.0
33.0
38.0
69.0
79.0
41.0
47.0
98.0
66.0
35.0
37.0
53.0
46.0
36.0
53.0
97.0
34.0
47.0
75.0
81.0
39.0
52.0
91.0
66.0
37.0
47.0
98.0
49.0
45.0
44.0
59.0
35.0
35.0
50.0
86.0
37.0
42.0
76.0
68.0
38.0
54.0
96.0
53.0
40.0
59.0
98.0
38.0
46.0
62.0
81.0
35.0
37.0
47.0
70.0
37.0
41.0
91.0
56.0
40.0
49.0
98.0
38.0
41.0
77.0
91.0
36.0
44.0
83.0
74.0
36.0
43.0
47.0
51.0
34.0
42.0
83.0
43.0
38.0
60.0
92.0
38.0
42.0
80.0
78.0
39.0
54.0
88.0
63.0
39.0
46.0
74.0
43.0
35.0
41.0
75.0
33.0
37.0
64.0
82.0
37.0
48.0
88.0
65.0
37.0
49.0
100.0
48.0
39.0
58.0
99.0
38.0
40.0
41.0
53.0
33.0
40.0
75.0
69.0
39.0
44.0
98.0
54.0
42.0
64.0
99.0
37.0
36.0