54.5
54.5
54.5
63.6
54.5
54.5
63.6
63.6
54.5
63.6
54.5
54.5
72.7
54.5
45.5
63.6
54.5
45.5
81.8
54.5
45.5
63.6
45.5
36.4
20.0
20.0
10.0
18.2
18.2
9.1
30.0
20.0
20.0
20.0
10.0
10.0
20.0
20.0
20.0
18.2
18.2
9.1
9.1
9.1
9.1
20.0
10.0
10.0
27.3
18.2
9.1
20.0
20.0
10.0
18.2
9.1
9.1
30.0
20.0
20.0
20.0
20.0
20.0
20.0
20.0
20.0
27.3
9.1
9.1
20.0
20.0
10.0
27.3
18.2
18.2
20.0
10.0
10.0
40.0
20.0
20.0
20.0
63.6
54.5
36.4
36.4
18.2
9.1
72.7
54.5
36.4
72.7
54.5
36.4
70.0
70.0
60.0
70.0
60.0
60.0
81.8
45.5
36.4
70.0
60.0
50.0
70.0
70.0
60.0
27.3
27.3
9.1
30.0
20.0
20.0
36.4
18.2
40.0
20.0
27.3
18.2
18.2
18.2
18.2
9.1
27.3
9.1
9.1
30.0
20.0
10.0
30.0
20.0
20.0
27.3
9.1
9.1
30.0
20.0
20.0
20.0
10.0
10.0
30.0
10.0
10.0
27.3
27.3
18.2
18.2
9.1
20.0
20.0
20.0
27.3
9.1
9.1
30.0
20.0
20.0
20.0
20.0
20.0
27.3
18.2
18.2
18.2
18.2
9.1
20.0
10.0
10.0
30.0
20.0
10.0
70.0
60.0
40.0
70.0
60.0
50.0
70.0
60.0
50.0
72.7
63.6
54.5
63.6
54.5
45.5
70.0
60.0
60.0
27.3
9.1
9.1
27.3
9.1
9.1
30.0
20.0
27.3
18.2
9.1
30.0
30.0
10.0
27.3
9.1
9.1
30.0
20.0
10.0
18.2
18.2
9.1
18.2
9.1
9.1
30.0
30.0
20.0
20.0
20.0
30.0
20.0
10.0
30.0
20.0
27.3
9.1
9.1
18.2
18.2
18.2
27.3
18.2
9.1
18.2
18.2
9.1
20.0
20.0
20.0
20.0
20.0
20.0
54.5
54.5
54.5
20.0
20.0
20.0
70.0
60.0
50.0
27.3
27.3
27.3
63.6
54.5
45.5
72.7
54.5
45.5
90.0
60.0
30.0
63.6
63.6
54.5
63.6
54.5
54.5
