43.0
100.0
41.0
100.0
24.0
99.0
25.0
96.0
53.0
27.0
29.0
27.0
29.0
29.0
28.0
28.0
28.0
28.0
28.0
29.0
27.0
23.0
100.0
43.0
53.0
81.0
100.0
80.0
100.0
44.0
56.0
45.0
44.0
41.0
40.0
37.0
37.0
36.0
32.0
33.0
35.0
37.0
28.0
91.0
41.0
68.0
50.0
23.0
87.0
43.0
100.0
24.0
82.0
27.0
49.0
15.0
20.0
19.0
19.0
21.0
22.0
22.0
40.0
43.0
50.0
41.0
100.0
25.0
64.0
42.0
92.0
60.0
64.0
42.0
27.0
54.0
24.0
45.0
31.0
27.0
28.0
27.0
35.0
39.0
45.0
60.0
64.0
59.0
23.0
80.0
49.0
100.0
47.0
98.0
42.0
60.0
44.0
34.0
33.0
48.0
31.0
35.0
33.0
32.0
42.0
36.0
61.0
34.0
26.0
82.0
76.0
42.0
80.0
82.0
100.0
80.0
29.0
51.0
52.0
28.0
46.0
7.0
7.0
52.0
28.0
20.0
82.0
45.0
27.0
14.0
79.0
90.0
75.0
42.0
100.0
41.0
100.0
40.0
28.0
53.0
50.0
26.0
29.0
48.0
49.0
46.0
24.0
49.0
52.0
46.0
30.0
64.0
40.0
88.0
66.0
51.0
100.0
45.0
97.0
26.0
23.0
44.0
46.0
28.0
24.0
41.0
23.0
67.0
43.0
38.0
59.0
52.0
66.0
80.0
25.0
42.0
78.0
82.0
41.0
97.0
32.0
36.0
54.0
47.0
46.0
47.0
24.0
30.0
72.0
43.0
25.0
33.0
79.0
44.0
79.0
80.0
9.0
80.0
23.0
99.0
57.0
65.0
13.0
52.0
51.0
28.0
44.0
65.0
40.0
25.0
25.0
74.0
42.0
29.0
50.0
23.0
100.0
67.0
55.0
43.0
60.0
77.0
92.0
48.0
38.0
48.0
53.0
24.0
40.0
51.0
49.0
24.0
30.0
62.0
46.0
24.0
84.0
44.0
78.0
43.0
41.0
79.0
100.0
43.0
81.0
47.0
52.0
25.0
40.0
49.0
43.0
26.0
41.0
64.0
41.0
26.0
46.0
76.0
97.0
36.0
61.0
46.0
25.0
80.0
44.0
100.0
26.0
51.0
28.0
45.0
28.0
61.0
36.0
43.0
27.0
51.0
50.0
41.0
27.0
79.0
77.0
78.0
30.0
54.0
45.0
69.0
40.0
30.0
72.0
29.0
28.0
65.0
58.0
26.0
19.0
61.0
61.0
27.0
58.0
29.0
43.0
78.0
88.0
80.0
60.0
66.0
41.0
100.0
26.0
75.0
28.0
37.0
55.0
50.0
23.0
35.0
56.0
44.0
23.0
63.0
53.0
50.0
24.0
100.0
28.0
64.0
23.0
76.0
44.0
100.0
28.0
62.0
27.0
27.0
66.0
44.0
64.0
23.0
46.0
51.0
44.0
89.0
39.0
55.0
25.0
80.0
60.0
53.0
59.0
44.0
89.0
67.0
31.0
43.0
35.0
45.0
26.0
49.0
45.0
44.0
24.0
53.0
65.0
61.0
67.0
31.0
43.0
92.0
57.0
32.0
58.0
64.0
75.0
57.0
46.0
22.0
61.0
36.0
38.0
40.0
54.0
37.0
41.0
24.0
64.0
27.0
59.0
57.0
70.0
34.0
97.0
53.0
39.0
26.0
99.0
52.0
37.0
24.0
30.0
61.0
41.0
23.0
36.0
66.0
43.0
32.0
54.0
24.0
23.0
90.0
42.0
91.0
24.0
31.0
75.0
43.0
96.0
26.0
60.0
42.0
24.0
37.0
58.0
44.0
25.0
28.0
77.0
44.0
73.0
27.0
100.0
87.0
37.0
79.0
27.0
76.0
51.0
78.0
55.0
52.0
52.0
56.0
42.0
25.0
58.0
37.0
45.0
25.0
48.0
46.0
41.0
62.0
65.0
57.0
64.0
73.0
58.0
35.0
34.0
80.0
61.0
34.0
39.0
62.0
36.0
36.0
36.0
66.0
31.0
38.0
20.0
57.0
42.0
72.0
80.0
52.0
38.0
93.0
52.0
59.0
27.0
100.0
57.0
42.0
24.0
17.0
58.0
39.0
30.0
25.0
68.0
44.0
31.0
15.0
78.0
24.0
100.0
61.0
42.0
67.0
59.0
51.0
42.0
100.0
19.0
59.0
42.0
24.0
43.0
61.0
45.0
27.0
48.0
72.0
44.0
27.0
85.0
45.0
88.0
56.0
79.0
56.0
72.0
43.0
75.0
83.0
41.0
26.0
36.0
44.0
46.0
27.0
44.0
56.0
42.0
59.0
34.0
32.0
81.0
69.0
38.0
79.0
47.0
50.0
39.0
43.0
99.0
47.0
69.0
31.0
28.0
42.0
29.0
56.0
42.0
43.0
23.0
53.0
37.0
44.0
100.0
24.0
76.0
30.0
60.0
32.0
31.0
28.0
79.0
66.0
21.0
44.0
63.0
38.0
25.0
47.0
55.0
37.0
26.0
32.0
63.0
42.0
82.0
41.0
76.0
28.0
30.0
69.0
48.0
26.0
100.0
57.0
52.0
23.0
34.0
62.0
47.0
24.0
36.0
59.0
44.0
24.0
29.0
79.0
22.0
100.0
42.0
63.0
42.0
25.0
23.0
75.0
23.0
35.0
51.0
48.0
24.0
39.0
57.0
45.0
22.0
23.0
63.0
42.0
25.0
100.0
42.0
100.0
27.0
62.0
52.0
25.0
46.0
84.0
56.0
45.0
52.0
46.0
44.0
23.0
53.0
59.0
42.0
26.0
29.0
62.0
44.0
71.0
79.0
23.0
78.0
74.0
41.0
66.0
23.0
76.0
61.0
49.0
25.0
53.0
57.0
42.0
24.0
37.0
49.0
43.0
26.0
26.0
70.0
31.0
81.0
61.0
64.0
69.0
44.0
33.0
100.0
72.0
54.0
27.0
40.0
30.0
43.0
42.0
21.0
59.0
31.0
42.0
23.0
55.0
47.0
100.0
45.0
55.0
42.0
64.0
69.0
64.0
43.0
67.0
66.0
44.0
23.0
35.0
60.0
33.0
36.0
33.0
60.0
33.0
33.0
41.0
80.0
94.0
80.0
46.0
59.0
44.0
31.0
28.0
76.0
22.0
45.0
47.0
44.0
27.0
38.0
73.0
33.0
28.0
40.0
63.0
37.0
27.0
100.0
22.0
80.0
32.0
11.0
82.0
43.0
35.0
79.0
52.0
23.0
39.0
50.0
41.0
25.0
33.0
68.0
41.0
22.0
23.0
64.0
41.0
48.0
78.0
83.0
41.0
84.0
56.0
45.0
23.0
99.0
26.0
7.0
75.0
51.0
27.0
72.0
23.0
14.0
76.0
42.0
25.0
26.0
79.0
22.0
100.0
28.0
73.0
22.0
42.0
53.0
43.0
68.0
52.0
42.0
47.0
23.0
23.0
48.0
43.0
25.0
33.0
64.0
42.0
26.0
83.0
58.0
82.0
44.0
57.0
41.0
28.0
56.0
63.0
64.0
74.0
46.0
36.0
45.0
25.0
55.0
50.0
42.0
26.0
50.0
41.0
40.0
92.0
54.0
100.0
40.0
56.0
23.0
34.0
48.0
79.0
26.0
61.0
65.0
57.0
43.0
30.0
32.0
64.0
42.0
36.0
19.0
69.0
45.0
50.0
80.0
100.0
75.0
65.0
27.0
54.0
45.0
84.0
49.0
25.0
46.0
52.0
50.0
23.0
35.0
58.0
45.0
24.0
35.0
63.0
44.0
100.0
24.0
89.0
54.0
43.0
27.0
21.0
81.0
59.0
48.0
55.0
43.0
25.0
42.0
55.0
45.0
31.0
24.0
48.0
42.0
28.0
83.0
51.0
44.0
76.0
23.0
54.0
36.0
53.0
42.0
76.0
45.0
29.0
28.0
56.0
47.0
28.0
42.0
75.0
36.0
26.0
26.0
82.0
100.0
57.0
44.0
93.0
54.0
49.0
21.0
57.0
60.0
67.0
52.0
57.0
39.0
43.0
37.0
55.0
30.0
38.0
52.0
48.0
61.0
42.0
100.0
45.0
100.0
35.0
25.0
54.0
44.0
37.0
87.0
42.0
32.0
28.0
67.0
34.0
31.0
36.0
69.0
34.0
30.0
23.0
59.0
43.0
100.0
40.0
71.0
28.0
39.0
63.0
45.0
24.0
100.0
51.0
53.0
22.0
42.0
57.0
42.0
25.0
21.0
66.0
43.0
24.0
32.0
77.0
99.0
77.0
66.0
27.0
57.0
43.0
66.0
61.0
58.0
52.0
24.0
32.0
72.0
43.0
26.0
24.0
84.0
39.0
79.0
95.0
42.0
100.0
27.0
43.0
46.0
44.0
27.0
81.0
66.0
46.0
29.0
48.0
61.0
42.0
27.0
35.0
57.0
46.0
58.0
42.0
22.0
81.0
36.0
61.0
42.0
51.0
53.0
44.0
23.0
82.0
55.0
36.0
35.0
61.0
46.0
43.0
26.0
65.0
48.0
42.0
55.0
51.0
42.0
100.0
27.0
79.0
28.0
41.0
59.0
37.0
41.0
99.0
32.0
33.0
39.0
27.0
69.0
61.0
42.0
51.0
35.0
37.0
75.0
27.0
100.0
77.0
24.0
79.0
24.0
67.0
35.0
29.0
100.0
54.0
49.0
27.0
50.0
61.0
44.0
24.0
30.0
64.0
42.0
88.0
64.0
78.0
77.0
43.0
68.0
51.0
23.0
36.0
49.0
41.0
76.0
60.0
54.0
43.0
22.0
57.0
43.0
24.0
20.0
83.0
26.0
35.0
78.0
79.0
42.0
87.0
44.0
44.0
23.0
42.0
78.0
63.0
27.0
50.0
54.0
42.0
24.0
42.0
60.0
44.0
23.0
83.0
49.0
22.0
79.0
47.0
71.0
63.0
48.0
59.0
44.0
24.0
82.0
55.0
49.0
26.0
55.0
57.0
42.0
23.0
40.0
61.0
43.0
83.0
46.0
44.0
100.0
42.0
48.0
42.0
24.0
52.0
40.0
43.0
94.0
48.0
57.0
44.0
32.0
34.0
31.0
43.0
25.0
62.0
43.0
72.0
31.0
100.0
45.0
41.0
62.0
33.0
40.0
23.0
56.0
44.0
38.0
64.0
50.0
37.0
26.0
57.0
34.0
39.0
41.0
75.0
58.0
24.0
30.0
80.0
66.0
24.0
28.0
73.0
39.0
22.0
26.0
79.0
60.0
21.0
21.0
65.0
41.0
25.0
27.0
74.0
41.0
93.0
26.0
59.0
45.0
70.0
50.0
43.0
23.0
25.0
51.0
44.0
24.0
86.0
52.0
23.0
46.0
41.0
46.0
23.0
46.0
48.0
43.0
100.0
27.0
53.0
43.0
77.0
49.0
60.0
43.0
85.0
52.0
39.0
100.0
42.0
37.0
49.0
24.0
47.0
42.0
43.0
23.0
54.0
63.0
75.0
22.0
38.0
61.0
74.0
30.0
49.0
55.0
59.0
75.0
59.0
52.0
47.0
58.0
38.0
43.0
27.0
56.0
34.0
42.0
23.0
81.0
53.0
41.0
23.0
80.0
62.0
40.0
39.0
64.0
29.0
23.0
59.0
42.0
54.0
59.0
27.0
63.0
64.0
25.0
20.0
78.0
76.0
51.0
60.0
24.0
100.0
40.0
23.0
26.0
72.0
41.0
25.0
24.0
82.0
43.0
75.0
56.0
59.0
47.0
23.0
32.0
79.0
42.0
52.0
54.0
44.0
23.0
100.0
51.0
48.0
23.0
13.0
82.0
59.0
41.0
78.0
56.0
51.0
23.0
32.0
59.0
43.0
24.0
64.0
43.0
61.0
84.0
56.0
42.0
93.0
42.0
53.0
43.0
23.0
79.0
26.0
84.0
23.0
38.0
57.0
45.0
24.0
33.0
59.0
43.0
84.0
76.0
28.0
24.0
35.0
77.0
82.0
46.0
27.0
62.0
44.0
92.0
56.0
38.0
43.0
33.0
56.0
44.0
44.0
30.0
51.0
63.0
33.0
69.0
42.0
45.0
76.0
70.0
29.0
48.0
25.0
60.0
42.0
78.0
44.0
27.0
49.0
43.0
44.0
27.0
44.0
58.0
30.0
81.0
74.0
67.0
52.0
57.0
43.0
100.0
54.0
35.0
40.0
99.0
43.0
57.0
44.0
33.0
23.0
55.0
61.0
25.0
24.0
75.0
66.0
76.0
55.0
33.0
46.0
53.0
41.0
74.0
64.0
56.0
41.0
58.0
82.0
50.0
79.0
47.0
26.0
17.0
77.0
50.0
66.0
42.0
23.0
100.0
58.0
44.0
24.0
36.0
77.0
56.0
61.0
44.0
100.0
27.0
33.0
65.0
43.0
26.0
25.0
78.0
43.0
28.0
11.0
81.0
70.0
27.0
34.0
70.0
43.0
89.0
53.0
57.0
46.0
92.0
42.0
22.0
47.0
36.0
46.0
23.0
58.0
56.0
45.0
23.0
44.0
72.0
79.0
23.0
60.0
55.0
41.0
93.0
49.0
44.0
23.0
76.0
59.0
39.0
43.0
28.0
60.0
45.0
41.0
26.0
54.0
48.0
43.0
98.0
35.0
44.0
25.0
46.0
56.0
56.0
55.0
36.0
43.0
98.0
50.0
60.0
39.0
43.0
28.0
53.0
54.0
42.0
55.0
42.0
23.0
77.0
30.0
58.0
27.0
45.0
51.0
35.0
71.0
